MiB Mem :   1816.9 total,   1597.7 free,    110.9 used,    108.3 buff/cache
MiB Swap:    820.0 total,    730.1 free,     89.9 used.   1578.5 avail Mem 

    PID USER      PR  NI    VIRT    RES    SHR S  %CPU  %MEM     TIME+ COMMAND
   4187 user      20   0  225924   6428   2964 R  78.9   0.3   0:00.24 mem.bash
      1 root      20   0  179580   5496   3852 S   0.0   0.3   0:04.66 systemd
      2 root      20   0       0      0      0 S   0.0   0.0   0:00.00 kthreadd
      3 root       0 -20       0      0      0 I   0.0   0.0   0:00.00 rcu_gp
      4 root       0 -20       0      0      0 I   0.0   0.0   0:00.00 rcu_par_gp
MiB Mem :   1816.9 total,   1581.3 free,    127.3 used,    108.3 buff/cache
MiB Swap:    820.0 total,    730.1 free,     89.9 used.   1562.1 avail Mem 

    PID USER      PR  NI    VIRT    RES    SHR S  %CPU  %MEM     TIME+ COMMAND
   4187 user      20   0  242688  23324   2964 R  87.5   1.3   0:01.40 mem.bash
      1 root      20   0  179580   5496   3852 S   0.0   0.3   0:04.66 systemd
      2 root      20   0       0      0      0 S   0.0   0.0   0:00.00 kthreadd
      3 root       0 -20       0      0      0 I   0.0   0.0   0:00.00 rcu_gp
      4 root       0 -20       0      0      0 I   0.0   0.0   0:00.00 rcu_par_gp
MiB Mem :   1816.9 total,   1564.8 free,    143.9 used,    108.3 buff/cache
MiB Swap:    820.0 total,    730.1 free,     89.9 used.   1545.5 avail Mem 

    PID USER      PR  NI    VIRT    RES    SHR S  %CPU  %MEM     TIME+ COMMAND
   4187 user      20   0  259452  39956   2964 R  87.5   2.1   0:02.57 mem.bash
      1 root      20   0  179580   5496   3852 S   0.0   0.3   0:04.66 systemd
      2 root      20   0       0      0      0 S   0.0   0.0   0:00.00 kthreadd
      3 root       0 -20       0      0      0 I   0.0   0.0   0:00.00 rcu_gp
      4 root       0 -20       0      0      0 I   0.0   0.0   0:00.00 rcu_par_gp
MiB Mem :   1816.9 total,   1548.5 free,    160.2 used,    108.3 buff/cache
MiB Swap:    820.0 total,    730.1 free,     89.9 used.   1529.3 avail Mem 

    PID USER      PR  NI    VIRT    RES    SHR S  %CPU  %MEM     TIME+ COMMAND
   4187 user      20   0  276084  56852   2964 R  93.8   3.1   0:03.75 mem.bash
   4217 user      20   0  275012   4496   3924 R   6.2   0.2   0:00.01 top
      1 root      20   0  179580   5496   3852 S   0.0   0.3   0:04.66 systemd
      2 root      20   0       0      0      0 S   0.0   0.0   0:00.00 kthreadd
      3 root       0 -20       0      0      0 I   0.0   0.0   0:00.00 rcu_gp
MiB Mem :   1816.9 total,   1532.1 free,    176.6 used,    108.3 buff/cache
MiB Swap:    820.0 total,    730.1 free,     89.9 used.   1512.9 avail Mem 

    PID USER      PR  NI    VIRT    RES    SHR S  %CPU  %MEM     TIME+ COMMAND
   4187 user      20   0  292980  73484   2964 R  88.2   3.9   0:04.93 mem.bash
      1 root      20   0  179580   5496   3852 S   0.0   0.3   0:04.66 systemd
      2 root      20   0       0      0      0 S   0.0   0.0   0:00.00 kthreadd
      3 root       0 -20       0      0      0 I   0.0   0.0   0:00.00 rcu_gp
      4 root       0 -20       0      0      0 I   0.0   0.0   0:00.00 rcu_par_gp
MiB Mem :   1816.9 total,   1514.7 free,    194.0 used,    108.3 buff/cache
MiB Swap:    820.0 total,    730.1 free,     89.9 used.   1495.4 avail Mem 

    PID USER      PR  NI    VIRT    RES    SHR S  %CPU  %MEM     TIME+ COMMAND
   4187 user      20   0  309744  90380   2964 R  93.8   4.9   0:06.11 mem.bash
   4228 root      20   0  275152   4976   4192 S   6.2   0.3   0:00.01 top
   4232 user      20   0  275012   4444   3872 R   6.2   0.2   0:00.01 top
      1 root      20   0  179580   5496   3852 S   0.0   0.3   0:04.66 systemd
      2 root      20   0       0      0      0 S   0.0   0.0   0:00.00 kthreadd
MiB Mem :   1816.9 total,   1498.0 free,    210.7 used,    108.3 buff/cache
MiB Swap:    820.0 total,    730.1 free,     89.9 used.   1478.8 avail Mem 

    PID USER      PR  NI    VIRT    RES    SHR S  %CPU  %MEM     TIME+ COMMAND
   4187 user      20   0  326772 107276   2964 R  82.4   5.8   0:07.29 mem.bash
      1 root      20   0  179580   5496   3852 S   0.0   0.3   0:04.66 systemd
      2 root      20   0       0      0      0 S   0.0   0.0   0:00.00 kthreadd
      3 root       0 -20       0      0      0 I   0.0   0.0   0:00.00 rcu_gp
      4 root       0 -20       0      0      0 I   0.0   0.0   0:00.00 rcu_par_gp
MiB Mem :   1816.9 total,   1482.6 free,    226.1 used,    108.3 buff/cache
MiB Swap:    820.0 total,    730.1 free,     89.9 used.   1463.4 avail Mem 

    PID USER      PR  NI    VIRT    RES    SHR S  %CPU  %MEM     TIME+ COMMAND
   4187 user      20   0  343536 124172   2964 R  88.2   6.7   0:08.48 mem.bash
   4246 user      20   0  275012   4456   3880 R   5.9   0.2   0:00.01 top
      1 root      20   0  179580   5496   3852 S   0.0   0.3   0:04.66 systemd
      2 root      20   0       0      0      0 S   0.0   0.0   0:00.00 kthreadd
      3 root       0 -20       0      0      0 I   0.0   0.0   0:00.00 rcu_gp
MiB Mem :   1816.9 total,   1466.0 free,    242.6 used,    108.3 buff/cache
MiB Swap:    820.0 total,    730.1 free,     89.9 used.   1446.8 avail Mem 

    PID USER      PR  NI    VIRT    RES    SHR S  %CPU  %MEM     TIME+ COMMAND
   4187 user      20   0  360432 141068   2964 R  82.4   7.6   0:09.65 mem.bash
      1 root      20   0  179580   5496   3852 S   0.0   0.3   0:04.66 systemd
      2 root      20   0       0      0      0 S   0.0   0.0   0:00.00 kthreadd
      3 root       0 -20       0      0      0 I   0.0   0.0   0:00.00 rcu_gp
      4 root       0 -20       0      0      0 I   0.0   0.0   0:00.00 rcu_par_gp
MiB Mem :   1816.9 total,   1448.9 free,    259.8 used,    108.3 buff/cache
MiB Swap:    820.0 total,    730.1 free,     89.9 used.   1429.7 avail Mem 

    PID USER      PR  NI    VIRT    RES    SHR S  %CPU  %MEM     TIME+ COMMAND
   4187 user      20   0  376932 157436   2964 R  88.2   8.5   0:10.82 mem.bash
   4261 user      20   0  275012   4560   3988 R   5.9   0.2   0:00.01 top
      1 root      20   0  179580   5496   3852 S   0.0   0.3   0:04.66 systemd
      2 root      20   0       0      0      0 S   0.0   0.0   0:00.00 kthreadd
      3 root       0 -20       0      0      0 I   0.0   0.0   0:00.00 rcu_gp
MiB Mem :   1816.9 total,   1432.3 free,    276.3 used,    108.3 buff/cache
MiB Swap:    820.0 total,    730.1 free,     89.9 used.   1413.1 avail Mem 

    PID USER      PR  NI    VIRT    RES    SHR S  %CPU  %MEM     TIME+ COMMAND
   4187 user      20   0  393828 174596   2964 R  83.3   9.4   0:12.00 mem.bash
   4256 root      20   0  275152   4964   4172 S  11.1   0.3   0:00.03 top
      1 root      20   0  179580   5496   3852 S   0.0   0.3   0:04.66 systemd
      2 root      20   0       0      0      0 S   0.0   0.0   0:00.00 kthreadd
      3 root       0 -20       0      0      0 I   0.0   0.0   0:00.00 rcu_gp
MiB Mem :   1816.9 total,   1415.7 free,    292.9 used,    108.3 buff/cache
MiB Swap:    820.0 total,    730.1 free,     89.9 used.   1396.5 avail Mem 

    PID USER      PR  NI    VIRT    RES    SHR S  %CPU  %MEM     TIME+ COMMAND
   4187 user      20   0  410856 191492   2964 R  77.8  10.3   0:13.17 mem.bash
   4275 user      20   0  275012   4376   3800 R   5.6   0.2   0:00.01 top
      1 root      20   0  179580   5496   3852 S   0.0   0.3   0:04.66 systemd
      2 root      20   0       0      0      0 S   0.0   0.0   0:00.00 kthreadd
      3 root       0 -20       0      0      0 I   0.0   0.0   0:00.00 rcu_gp
MiB Mem :   1816.9 total,   1399.4 free,    309.3 used,    108.3 buff/cache
MiB Swap:    820.0 total,    730.1 free,     89.9 used.   1380.1 avail Mem 

    PID USER      PR  NI    VIRT    RES    SHR S  %CPU  %MEM     TIME+ COMMAND
   4187 user      20   0  427620 208124   2964 R  82.4  11.2   0:14.35 mem.bash
   4282 user      20   0  275012   4368   3796 R   5.9   0.2   0:00.01 top
      1 root      20   0  179580   5496   3852 S   0.0   0.3   0:04.66 systemd
      2 root      20   0       0      0      0 S   0.0   0.0   0:00.00 kthreadd
      3 root       0 -20       0      0      0 I   0.0   0.0   0:00.00 rcu_gp
MiB Mem :   1816.9 total,   1383.1 free,    325.5 used,    108.3 buff/cache
MiB Swap:    820.0 total,    730.1 free,     89.9 used.   1363.9 avail Mem 

    PID USER      PR  NI    VIRT    RES    SHR S  %CPU  %MEM     TIME+ COMMAND
   4187 user      20   0  444120 224756   2964 R  82.4  12.1   0:15.53 mem.bash
   4289 user      20   0  275012   4380   3804 R  11.8   0.2   0:00.02 top
      1 root      20   0  179580   5496   3852 S   0.0   0.3   0:04.66 systemd
      2 root      20   0       0      0      0 S   0.0   0.0   0:00.00 kthreadd
      3 root       0 -20       0      0      0 I   0.0   0.0   0:00.00 rcu_gp
MiB Mem :   1816.9 total,   1366.8 free,    341.9 used,    108.3 buff/cache
MiB Swap:    820.0 total,    730.1 free,     89.9 used.   1347.5 avail Mem 

    PID USER      PR  NI    VIRT    RES    SHR S  %CPU  %MEM     TIME+ COMMAND
   4187 user      20   0  460884 241388   2964 R  88.2  13.0   0:16.71 mem.bash
      1 root      20   0  179580   5496   3852 S   0.0   0.3   0:04.66 systemd
      2 root      20   0       0      0      0 S   0.0   0.0   0:00.00 kthreadd
      3 root       0 -20       0      0      0 I   0.0   0.0   0:00.00 rcu_gp
      4 root       0 -20       0      0      0 I   0.0   0.0   0:00.00 rcu_par_gp
MiB Mem :   1816.9 total,   1350.4 free,    358.2 used,    108.3 buff/cache
MiB Swap:    820.0 total,    730.1 free,     89.9 used.   1331.2 avail Mem 

    PID USER      PR  NI    VIRT    RES    SHR S  %CPU  %MEM     TIME+ COMMAND
   4187 user      20   0  477516 258284   2964 R  83.3  13.9   0:17.88 mem.bash
   4303 user      20   0  275012   4376   3804 R   5.6   0.2   0:00.01 top
      1 root      20   0  179580   5496   3852 S   0.0   0.3   0:04.66 systemd
      2 root      20   0       0      0      0 S   0.0   0.0   0:00.00 kthreadd
      3 root       0 -20       0      0      0 I   0.0   0.0   0:00.00 rcu_gp
MiB Mem :   1816.9 total,   1334.0 free,    374.6 used,    108.3 buff/cache
MiB Swap:    820.0 total,    730.1 free,     89.9 used.   1314.8 avail Mem 

    PID USER      PR  NI    VIRT    RES    SHR S  %CPU  %MEM     TIME+ COMMAND
   4187 user      20   0  494280 274916   2964 R  83.3  14.8   0:19.06 mem.bash
      1 root      20   0  179580   5496   3852 S   0.0   0.3   0:04.66 systemd
      2 root      20   0       0      0      0 S   0.0   0.0   0:00.00 kthreadd
      3 root       0 -20       0      0      0 I   0.0   0.0   0:00.00 rcu_gp
      4 root       0 -20       0      0      0 I   0.0   0.0   0:00.00 rcu_par_gp
MiB Mem :   1816.9 total,   1317.6 free,    391.1 used,    108.3 buff/cache
MiB Swap:    820.0 total,    730.1 free,     89.9 used.   1298.3 avail Mem 

    PID USER      PR  NI    VIRT    RES    SHR S  %CPU  %MEM     TIME+ COMMAND
   4187 user      20   0  511176 291812   2964 R  94.1  15.7   0:20.24 mem.bash
      1 root      20   0  179580   5496   3852 S   0.0   0.3   0:04.66 systemd
      2 root      20   0       0      0      0 S   0.0   0.0   0:00.00 kthreadd
      3 root       0 -20       0      0      0 I   0.0   0.0   0:00.00 rcu_gp
      4 root       0 -20       0      0      0 I   0.0   0.0   0:00.00 rcu_par_gp
MiB Mem :   1816.9 total,   1301.0 free,    407.7 used,    108.3 buff/cache
MiB Swap:    820.0 total,    730.1 free,     89.9 used.   1281.7 avail Mem 

    PID USER      PR  NI    VIRT    RES    SHR S  %CPU  %MEM     TIME+ COMMAND
   4187 user      20   0  528072 308708   2964 R  83.3  16.6   0:21.41 mem.bash
   4256 root      20   0  275152   4964   4172 S  11.1   0.3   0:00.10 top
   4324 user      20   0  275012   4428   3856 R   5.6   0.2   0:00.01 top
      1 root      20   0  179580   5496   3852 S   0.0   0.3   0:04.66 systemd
      2 root      20   0       0      0      0 S   0.0   0.0   0:00.00 kthreadd
MiB Mem :   1816.9 total,   1284.6 free,    424.0 used,    108.3 buff/cache
MiB Swap:    820.0 total,    730.1 free,     89.9 used.   1265.4 avail Mem 

    PID USER      PR  NI    VIRT    RES    SHR S  %CPU  %MEM     TIME+ COMMAND
   4187 user      20   0  544836 325340   2964 R  93.8  17.5   0:22.59 mem.bash
      1 root      20   0  179580   5496   3852 S   0.0   0.3   0:04.66 systemd
      2 root      20   0       0      0      0 S   0.0   0.0   0:00.00 kthreadd
      3 root       0 -20       0      0      0 I   0.0   0.0   0:00.00 rcu_gp
      4 root       0 -20       0      0      0 I   0.0   0.0   0:00.00 rcu_par_gp
MiB Mem :   1816.9 total,   1268.5 free,    440.2 used,    108.3 buff/cache
MiB Swap:    820.0 total,    730.1 free,     89.9 used.   1249.2 avail Mem 

    PID USER      PR  NI    VIRT    RES    SHR S  %CPU  %MEM     TIME+ COMMAND
   4187 user      20   0  561336 341972   2964 R  82.4  18.4   0:23.75 mem.bash
   4338 user      20   0  275012   4564   3992 R   5.9   0.2   0:00.01 top
      1 root      20   0  179580   5496   3852 S   0.0   0.3   0:04.66 systemd
      2 root      20   0       0      0      0 S   0.0   0.0   0:00.00 kthreadd
      3 root       0 -20       0      0      0 I   0.0   0.0   0:00.00 rcu_gp
MiB Mem :   1816.9 total,   1252.0 free,    456.6 used,    108.3 buff/cache
MiB Swap:    820.0 total,    730.1 free,     89.9 used.   1232.8 avail Mem 

    PID USER      PR  NI    VIRT    RES    SHR S  %CPU  %MEM     TIME+ COMMAND
   4187 user      20   0  578100 358604   2964 R  83.3  19.3   0:24.93 mem.bash
      1 root      20   0  179580   5496   3852 S   0.0   0.3   0:04.66 systemd
      2 root      20   0       0      0      0 S   0.0   0.0   0:00.00 kthreadd
      3 root       0 -20       0      0      0 I   0.0   0.0   0:00.00 rcu_gp
      4 root       0 -20       0      0      0 I   0.0   0.0   0:00.00 rcu_par_gp
MiB Mem :   1816.9 total,   1235.6 free,    473.0 used,    108.3 buff/cache
MiB Swap:    820.0 total,    730.1 free,     89.9 used.   1216.4 avail Mem 

    PID USER      PR  NI    VIRT    RES    SHR S  %CPU  %MEM     TIME+ COMMAND
   4187 user      20   0  594864 375500   2964 R  77.8  20.2   0:26.10 mem.bash
      1 root      20   0  179580   5496   3852 S   0.0   0.3   0:04.66 systemd
      2 root      20   0       0      0      0 S   0.0   0.0   0:00.00 kthreadd
      3 root       0 -20       0      0      0 I   0.0   0.0   0:00.00 rcu_gp
      4 root       0 -20       0      0      0 I   0.0   0.0   0:00.00 rcu_par_gp
MiB Mem :   1816.9 total,   1219.2 free,    489.5 used,    108.3 buff/cache
MiB Swap:    820.0 total,    730.1 free,     89.9 used.   1199.9 avail Mem 

    PID USER      PR  NI    VIRT    RES    SHR S  %CPU  %MEM     TIME+ COMMAND
   4187 user      20   0  611760 392396   2964 R  93.8  21.1   0:27.28 mem.bash
      1 root      20   0  179580   5496   3852 S   0.0   0.3   0:04.66 systemd
      2 root      20   0       0      0      0 S   0.0   0.0   0:00.00 kthreadd
      3 root       0 -20       0      0      0 I   0.0   0.0   0:00.00 rcu_gp
      4 root       0 -20       0      0      0 I   0.0   0.0   0:00.00 rcu_par_gp
MiB Mem :   1816.9 total,   1202.7 free,    505.9 used,    108.3 buff/cache
MiB Swap:    820.0 total,    730.1 free,     89.9 used.   1183.5 avail Mem 

    PID USER      PR  NI    VIRT    RES    SHR S  %CPU  %MEM     TIME+ COMMAND
   4187 user      20   0  628524 409028   2964 R  93.8  22.0   0:28.45 mem.bash
      1 root      20   0  179580   5496   3852 S   0.0   0.3   0:04.66 systemd
      2 root      20   0       0      0      0 S   0.0   0.0   0:00.00 kthreadd
      3 root       0 -20       0      0      0 I   0.0   0.0   0:00.00 rcu_gp
      4 root       0 -20       0      0      0 I   0.0   0.0   0:00.00 rcu_par_gp
MiB Mem :   1816.9 total,   1186.1 free,    522.5 used,    108.3 buff/cache
MiB Swap:    820.0 total,    730.1 free,     89.9 used.   1166.9 avail Mem 

    PID USER      PR  NI    VIRT    RES    SHR S  %CPU  %MEM     TIME+ COMMAND
   4187 user      20   0  645420 426188   2964 R  93.8  22.9   0:29.63 mem.bash
      1 root      20   0  179580   5496   3852 S   0.0   0.3   0:04.66 systemd
      2 root      20   0       0      0      0 S   0.0   0.0   0:00.00 kthreadd
      3 root       0 -20       0      0      0 I   0.0   0.0   0:00.00 rcu_gp
      4 root       0 -20       0      0      0 I   0.0   0.0   0:00.00 rcu_par_gp
MiB Mem :   1816.9 total,   1169.5 free,    539.1 used,    108.3 buff/cache
MiB Swap:    820.0 total,    730.1 free,     89.9 used.   1150.3 avail Mem 

    PID USER      PR  NI    VIRT    RES    SHR S  %CPU  %MEM     TIME+ COMMAND
   4187 user      20   0  662448 443084   2964 R  93.8  23.8   0:30.80 mem.bash
   4256 root      20   0  275152   4964   4172 S   6.2   0.3   0:00.17 top
   4380 user      20   0  275012   4404   3832 R   6.2   0.2   0:00.01 top
      1 root      20   0  179580   5496   3852 S   0.0   0.3   0:04.66 systemd
      2 root      20   0       0      0      0 S   0.0   0.0   0:00.00 kthreadd
MiB Mem :   1816.9 total,   1153.0 free,    555.6 used,    108.3 buff/cache
MiB Swap:    820.0 total,    730.1 free,     89.9 used.   1133.8 avail Mem 

    PID USER      PR  NI    VIRT    RES    SHR S  %CPU  %MEM     TIME+ COMMAND
   4187 user      20   0  679344 459980   2964 R  88.2  24.7   0:31.98 mem.bash
   4387 user      20   0  275012   4440   3864 R   5.9   0.2   0:00.01 top
      1 root      20   0  179580   5496   3852 S   0.0   0.3   0:04.66 systemd
      2 root      20   0       0      0      0 S   0.0   0.0   0:00.00 kthreadd
      3 root       0 -20       0      0      0 I   0.0   0.0   0:00.00 rcu_gp
MiB Mem :   1816.9 total,   1136.9 free,    571.7 used,    108.3 buff/cache
MiB Swap:    820.0 total,    730.1 free,     89.9 used.   1117.7 avail Mem 

    PID USER      PR  NI    VIRT    RES    SHR S  %CPU  %MEM     TIME+ COMMAND
   4187 user      20   0  695844 476348   2964 R  94.1  25.6   0:33.16 mem.bash
      1 root      20   0  179580   5496   3852 S   0.0   0.3   0:04.66 systemd
      2 root      20   0       0      0      0 S   0.0   0.0   0:00.00 kthreadd
      3 root       0 -20       0      0      0 I   0.0   0.0   0:00.00 rcu_gp
      4 root       0 -20       0      0      0 I   0.0   0.0   0:00.00 rcu_par_gp
MiB Mem :   1816.9 total,   1120.4 free,    588.3 used,    108.3 buff/cache
MiB Swap:    820.0 total,    730.1 free,     89.9 used.   1101.1 avail Mem 

    PID USER      PR  NI    VIRT    RES    SHR S  %CPU  %MEM     TIME+ COMMAND
   4187 user      20   0  712740 493244   2964 R  82.4  26.5   0:34.32 mem.bash
   4401 user      20   0  275012   4492   3916 R   5.9   0.2   0:00.01 top
      1 root      20   0  179580   5496   3852 S   0.0   0.3   0:04.66 systemd
      2 root      20   0       0      0      0 S   0.0   0.0   0:00.00 kthreadd
      3 root       0 -20       0      0      0 I   0.0   0.0   0:00.00 rcu_gp
MiB Mem :   1816.9 total,   1103.8 free,    604.8 used,    108.3 buff/cache
MiB Swap:    820.0 total,    730.1 free,     89.9 used.   1084.6 avail Mem 

    PID USER      PR  NI    VIRT    RES    SHR S  %CPU  %MEM     TIME+ COMMAND
   4187 user      20   0  729636 510140   2964 R  88.2  27.4   0:35.51 mem.bash
   4408 user      20   0  275012   4380   3808 R   5.9   0.2   0:00.01 top
      1 root      20   0  179580   5496   3852 S   0.0   0.3   0:04.66 systemd
      2 root      20   0       0      0      0 S   0.0   0.0   0:00.00 kthreadd
      3 root       0 -20       0      0      0 I   0.0   0.0   0:00.00 rcu_gp
MiB Mem :   1816.9 total,   1087.4 free,    621.2 used,    108.3 buff/cache
MiB Swap:    820.0 total,    730.1 free,     89.9 used.   1068.1 avail Mem 

    PID USER      PR  NI    VIRT    RES    SHR S  %CPU  %MEM     TIME+ COMMAND
   4187 user      20   0  746400 527036   2964 R  82.4  28.3   0:36.68 mem.bash
      1 root      20   0  179580   5496   3852 S   0.0   0.3   0:04.66 systemd
      2 root      20   0       0      0      0 S   0.0   0.0   0:00.00 kthreadd
      3 root       0 -20       0      0      0 I   0.0   0.0   0:00.00 rcu_gp
      4 root       0 -20       0      0      0 I   0.0   0.0   0:00.00 rcu_par_gp
MiB Mem :   1816.9 total,   1071.0 free,    637.6 used,    108.3 buff/cache
MiB Swap:    820.0 total,    730.1 free,     89.9 used.   1051.8 avail Mem 

    PID USER      PR  NI    VIRT    RES    SHR S  %CPU  %MEM     TIME+ COMMAND
   4187 user      20   0  763032 543668   2964 R  83.3  29.2   0:37.86 mem.bash
   4422 user      20   0  275012   4496   3924 R   5.6   0.2   0:00.01 top
      1 root      20   0  179580   5496   3852 S   0.0   0.3   0:04.66 systemd
      2 root      20   0       0      0      0 S   0.0   0.0   0:00.00 kthreadd
      3 root       0 -20       0      0      0 I   0.0   0.0   0:00.00 rcu_gp
MiB Mem :   1816.9 total,   1054.5 free,    654.1 used,    108.3 buff/cache
MiB Swap:    820.0 total,    730.1 free,     89.9 used.   1035.3 avail Mem 

    PID USER      PR  NI    VIRT    RES    SHR S  %CPU  %MEM     TIME+ COMMAND
   4187 user      20   0  779928 560564   2964 R  83.3  30.1   0:39.04 mem.bash
      1 root      20   0  179580   5496   3852 S   0.0   0.3   0:04.66 systemd
      2 root      20   0       0      0      0 S   0.0   0.0   0:00.00 kthreadd
      3 root       0 -20       0      0      0 I   0.0   0.0   0:00.00 rcu_gp
      4 root       0 -20       0      0      0 I   0.0   0.0   0:00.00 rcu_par_gp
MiB Mem :   1816.9 total,   1038.0 free,    670.6 used,    108.3 buff/cache
MiB Swap:    820.0 total,    730.1 free,     89.9 used.   1018.8 avail Mem 

    PID USER      PR  NI    VIRT    RES    SHR S  %CPU  %MEM     TIME+ COMMAND
   4187 user      20   0  796824 577460   2964 R  88.2  31.0   0:40.22 mem.bash
      1 root      20   0  179580   5496   3852 S   0.0   0.3   0:04.66 systemd
      2 root      20   0       0      0      0 S   0.0   0.0   0:00.00 kthreadd
      3 root       0 -20       0      0      0 I   0.0   0.0   0:00.00 rcu_gp
      4 root       0 -20       0      0      0 I   0.0   0.0   0:00.00 rcu_par_gp
MiB Mem :   1816.9 total,   1021.5 free,    687.2 used,    108.3 buff/cache
MiB Swap:    820.0 total,    730.1 free,     89.9 used.   1002.2 avail Mem 

    PID USER      PR  NI    VIRT    RES    SHR S  %CPU  %MEM     TIME+ COMMAND
   4187 user      20   0  813720 594356   2964 R  88.2  31.9   0:41.40 mem.bash
   4443 user      20   0  275012   4368   3796 R   5.9   0.2   0:00.01 top
      1 root      20   0  179580   5496   3852 S   0.0   0.3   0:04.66 systemd
      2 root      20   0       0      0      0 S   0.0   0.0   0:00.00 kthreadd
      3 root       0 -20       0      0      0 I   0.0   0.0   0:00.00 rcu_gp
MiB Mem :   1816.9 total,   1004.9 free,    703.7 used,    108.3 buff/cache
MiB Swap:    820.0 total,    730.1 free,     89.9 used.    985.7 avail Mem 

    PID USER      PR  NI    VIRT    RES    SHR S  %CPU  %MEM     TIME+ COMMAND
   4187 user      20   0  830748 611252   2964 R  93.8  32.9   0:42.58 mem.bash
      1 root      20   0  179580   5496   3852 S   0.0   0.3   0:04.66 systemd
      2 root      20   0       0      0      0 S   0.0   0.0   0:00.00 kthreadd
      3 root       0 -20       0      0      0 I   0.0   0.0   0:00.00 rcu_gp
      4 root       0 -20       0      0      0 I   0.0   0.0   0:00.00 rcu_par_gp
MiB Mem :   1816.9 total,    989.7 free,    719.0 used,    108.3 buff/cache
MiB Swap:    820.0 total,    730.1 free,     89.9 used.    970.4 avail Mem 

    PID USER      PR  NI    VIRT    RES    SHR S  %CPU  %MEM     TIME+ COMMAND
   4187 user      20   0  846324 626828   2964 R  93.8  33.7   0:43.77 mem.bash
   4457 user      20   0  275012   4404   3832 R   6.2   0.2   0:00.02 top
      1 root      20   0  179580   5496   3852 S   0.0   0.3   0:04.66 systemd
      2 root      20   0       0      0      0 S   0.0   0.0   0:00.00 kthreadd
      3 root       0 -20       0      0      0 I   0.0   0.0   0:00.00 rcu_gp
MiB Mem :   1816.9 total,    974.3 free,    734.3 used,    108.3 buff/cache
MiB Swap:    820.0 total,    730.1 free,     89.9 used.    955.1 avail Mem 

    PID USER      PR  NI    VIRT    RES    SHR S  %CPU  %MEM     TIME+ COMMAND
   4187 user      20   0  861900 642404   2964 R  88.2  34.5   0:44.93 mem.bash
      1 root      20   0  179580   5496   3852 S   0.0   0.3   0:04.66 systemd
      2 root      20   0       0      0      0 S   0.0   0.0   0:00.00 kthreadd
      3 root       0 -20       0      0      0 I   0.0   0.0   0:00.00 rcu_gp
      4 root       0 -20       0      0      0 I   0.0   0.0   0:00.00 rcu_par_gp
MiB Mem :   1816.9 total,    959.4 free,    749.2 used,    108.3 buff/cache
MiB Swap:    820.0 total,    730.1 free,     89.9 used.    940.2 avail Mem 

    PID USER      PR  NI    VIRT    RES    SHR S  %CPU  %MEM     TIME+ COMMAND
   4187 user      20   0  877212 657716   2964 R  88.2  35.4   0:46.11 mem.bash
   4471 user      20   0  275012   4440   3868 R   5.9   0.2   0:00.01 top
      1 root      20   0  179580   5496   3852 S   0.0   0.3   0:04.66 systemd
      2 root      20   0       0      0      0 S   0.0   0.0   0:00.00 kthreadd
      3 root       0 -20       0      0      0 I   0.0   0.0   0:00.00 rcu_gp
MiB Mem :   1816.9 total,    944.1 free,    764.5 used,    108.3 buff/cache
MiB Swap:    820.0 total,    730.1 free,     89.9 used.    924.9 avail Mem 

    PID USER      PR  NI    VIRT    RES    SHR S  %CPU  %MEM     TIME+ COMMAND
   4187 user      20   0  892788 673292   2964 R  88.2  36.2   0:47.28 mem.bash
   4478 user      20   0  275012   4436   3864 R   5.9   0.2   0:00.01 top
      1 root      20   0  179580   5496   3852 S   0.0   0.3   0:04.66 systemd
      2 root      20   0       0      0      0 S   0.0   0.0   0:00.00 kthreadd
      3 root       0 -20       0      0      0 I   0.0   0.0   0:00.00 rcu_gp
MiB Mem :   1816.9 total,    928.2 free,    780.4 used,    108.3 buff/cache
MiB Swap:    820.0 total,    730.1 free,     89.9 used.    908.9 avail Mem 

    PID USER      PR  NI    VIRT    RES    SHR S  %CPU  %MEM     TIME+ COMMAND
   4187 user      20   0  909156 689660   2964 R  94.1  37.1   0:48.47 mem.bash
      1 root      20   0  179580   5496   3852 S   0.0   0.3   0:04.66 systemd
      2 root      20   0       0      0      0 S   0.0   0.0   0:00.00 kthreadd
      3 root       0 -20       0      0      0 I   0.0   0.0   0:00.00 rcu_gp
      4 root       0 -20       0      0      0 I   0.0   0.0   0:00.00 rcu_par_gp
MiB Mem :   1816.9 total,    911.4 free,    797.2 used,    108.3 buff/cache
MiB Swap:    820.0 total,    730.1 free,     89.9 used.    892.2 avail Mem 

    PID USER      PR  NI    VIRT    RES    SHR S  %CPU  %MEM     TIME+ COMMAND
   4187 user      20   0  926184 706820   2964 R  83.3  38.0   0:49.65 mem.bash
   4492 user      20   0  275012   4420   3844 R   5.6   0.2   0:00.01 top
      1 root      20   0  179580   5496   3852 S   0.0   0.3   0:04.66 systemd
      2 root      20   0       0      0      0 S   0.0   0.0   0:00.00 kthreadd
      3 root       0 -20       0      0      0 I   0.0   0.0   0:00.00 rcu_gp
MiB Mem :   1816.9 total,    895.0 free,    813.7 used,    108.3 buff/cache
MiB Swap:    820.0 total,    730.1 free,     89.9 used.    875.7 avail Mem 

    PID USER      PR  NI    VIRT    RES    SHR S  %CPU  %MEM     TIME+ COMMAND
   4187 user      20   0  942948 723452   2964 R  88.2  38.9   0:50.83 mem.bash
      1 root      20   0  179580   5496   3852 S   0.0   0.3   0:04.66 systemd
      2 root      20   0       0      0      0 S   0.0   0.0   0:00.00 kthreadd
      3 root       0 -20       0      0      0 I   0.0   0.0   0:00.00 rcu_gp
      4 root       0 -20       0      0      0 I   0.0   0.0   0:00.00 rcu_par_gp
MiB Mem :   1816.9 total,    878.6 free,    830.1 used,    108.3 buff/cache
MiB Swap:    820.0 total,    730.1 free,     89.9 used.    859.3 avail Mem 

    PID USER      PR  NI    VIRT    RES    SHR S  %CPU  %MEM     TIME+ COMMAND
   4187 user      20   0  959844 740348   2964 R  88.2  39.8   0:52.01 mem.bash
      1 root      20   0  179580   5496   3852 S   0.0   0.3   0:04.66 systemd
      2 root      20   0       0      0      0 S   0.0   0.0   0:00.00 kthreadd
      3 root       0 -20       0      0      0 I   0.0   0.0   0:00.00 rcu_gp
      4 root       0 -20       0      0      0 I   0.0   0.0   0:00.00 rcu_par_gp
MiB Mem :   1816.9 total,    861.9 free,    846.8 used,    108.3 buff/cache
MiB Swap:    820.0 total,    730.1 free,     89.9 used.    842.6 avail Mem 

    PID USER      PR  NI    VIRT    RES    SHR S  %CPU  %MEM     TIME+ COMMAND
   4187 user      20   0  976872 757508   2964 R  83.3  40.7   0:53.19 mem.bash
      1 root      20   0  179580   5496   3852 S   0.0   0.3   0:04.66 systemd
      2 root      20   0       0      0      0 S   0.0   0.0   0:00.00 kthreadd
      3 root       0 -20       0      0      0 I   0.0   0.0   0:00.00 rcu_gp
      4 root       0 -20       0      0      0 I   0.0   0.0   0:00.00 rcu_par_gp
MiB Mem :   1816.9 total,    845.6 free,    863.1 used,    108.3 buff/cache
MiB Swap:    820.0 total,    730.1 free,     89.9 used.    826.3 avail Mem 

    PID USER      PR  NI    VIRT    RES    SHR S  %CPU  %MEM     TIME+ COMMAND
   4187 user      20   0  993504 774140   2964 R  88.9  41.6   0:54.37 mem.bash
      1 root      20   0  179580   5496   3852 S   0.0   0.3   0:04.66 systemd
      2 root      20   0       0      0      0 S   0.0   0.0   0:00.00 kthreadd
      3 root       0 -20       0      0      0 I   0.0   0.0   0:00.00 rcu_gp
      4 root       0 -20       0      0      0 I   0.0   0.0   0:00.00 rcu_par_gp
MiB Mem :   1816.9 total,    829.0 free,    879.6 used,    108.3 buff/cache
MiB Swap:    820.0 total,    730.1 free,     89.9 used.    809.8 avail Mem 

    PID USER      PR  NI    VIRT    RES    SHR S  %CPU  %MEM     TIME+ COMMAND
   4187 user      20   0 1010400 791036   2964 R  88.9  42.5   0:55.56 mem.bash
      1 root      20   0  179580   5496   3852 S   0.0   0.3   0:04.66 systemd
      2 root      20   0       0      0      0 S   0.0   0.0   0:00.00 kthreadd
      3 root       0 -20       0      0      0 I   0.0   0.0   0:00.00 rcu_gp
      4 root       0 -20       0      0      0 I   0.0   0.0   0:00.00 rcu_par_gp
MiB Mem :   1816.9 total,    812.5 free,    896.2 used,    108.3 buff/cache
MiB Swap:    820.0 total,    730.1 free,     89.9 used.    793.2 avail Mem 

    PID USER      PR  NI    VIRT    RES    SHR S  %CPU  %MEM     TIME+ COMMAND
   4187 user      20   0 1027296 807932   2964 R  88.2  43.4   0:56.73 mem.bash
      1 root      20   0  179580   5496   3852 S   0.0   0.3   0:04.66 systemd
      2 root      20   0       0      0      0 S   0.0   0.0   0:00.00 kthreadd
      3 root       0 -20       0      0      0 I   0.0   0.0   0:00.00 rcu_gp
      4 root       0 -20       0      0      0 I   0.0   0.0   0:00.00 rcu_par_gp
MiB Mem :   1816.9 total,    795.9 free,    912.7 used,    108.3 buff/cache
MiB Swap:    820.0 total,    730.1 free,     89.9 used.    776.7 avail Mem 

    PID USER      PR  NI    VIRT    RES    SHR S  %CPU  %MEM     TIME+ COMMAND
   4187 user      20   0 1044324 824828   2964 R  88.2  44.3   0:57.91 mem.bash
      1 root      20   0  179580   5496   3852 S   0.0   0.3   0:04.66 systemd
      2 root      20   0       0      0      0 S   0.0   0.0   0:00.00 kthreadd
      3 root       0 -20       0      0      0 I   0.0   0.0   0:00.00 rcu_gp
      4 root       0 -20       0      0      0 I   0.0   0.0   0:00.00 rcu_par_gp
MiB Mem :   1816.9 total,    779.3 free,    929.3 used,    108.3 buff/cache
MiB Swap:    820.0 total,    730.1 free,     89.9 used.    760.1 avail Mem 

    PID USER      PR  NI    VIRT    RES    SHR S  %CPU  %MEM     TIME+ COMMAND
   4187 user      20   0 1061220 841724   2964 R  88.2  45.2   0:59.09 mem.bash
   4548 user      20   0  275012   4432   3860 R   5.9   0.2   0:00.01 top
      1 root      20   0  179580   5496   3852 S   0.0   0.3   0:04.66 systemd
      2 root      20   0       0      0      0 S   0.0   0.0   0:00.00 kthreadd
      3 root       0 -20       0      0      0 I   0.0   0.0   0:00.00 rcu_gp
MiB Mem :   1816.9 total,    765.2 free,    943.4 used,    108.3 buff/cache
MiB Swap:    820.0 total,    730.1 free,     89.9 used.    746.0 avail Mem 

    PID USER      PR  NI    VIRT    RES    SHR S  %CPU  %MEM     TIME+ COMMAND
   4187 user      20   0 1075608 856244   2964 R  88.2  46.0   1:00.24 mem.bash
   4555 user      20   0  275012   4376   3804 R   5.9   0.2   0:00.01 top
      1 root      20   0  179580   5496   3852 S   0.0   0.3   0:04.66 systemd
      2 root      20   0       0      0      0 S   0.0   0.0   0:00.00 kthreadd
      3 root       0 -20       0      0      0 I   0.0   0.0   0:00.00 rcu_gp
MiB Mem :   1816.9 total,    764.0 free,    944.6 used,    108.3 buff/cache
MiB Swap:    820.0 total,    730.1 free,     89.9 used.    744.8 avail Mem 

    PID USER      PR  NI    VIRT    RES    SHR S  %CPU  %MEM     TIME+ COMMAND
   4187 user      20   0 1076928 857564   2964 R  73.7  46.1   1:00.55 mem.bash
   4562 user      20   0  275012   4552   3980 R   5.3   0.2   0:00.05 top
      1 root      20   0  179580   5496   3852 S   0.0   0.3   0:04.66 systemd
      2 root      20   0       0      0      0 S   0.0   0.0   0:00.00 kthreadd
      3 root       0 -20       0      0      0 I   0.0   0.0   0:00.00 rcu_gp
MiB Mem :   1816.9 total,    754.7 free,    953.9 used,    108.3 buff/cache
MiB Swap:    820.0 total,    730.1 free,     89.9 used.    735.5 avail Mem 

    PID USER      PR  NI    VIRT    RES    SHR S  %CPU  %MEM     TIME+ COMMAND
   4187 user      20   0 1086300 866804   2964 R  76.5  46.6   1:01.71 mem.bash
   4256 root      20   0  275152   4964   4172 S  11.8   0.3   0:00.42 top
   4569 user      20   0  275012   4436   3864 R   5.9   0.2   0:00.02 top
      1 root      20   0  179580   5496   3852 S   0.0   0.3   0:04.66 systemd
      2 root      20   0       0      0      0 S   0.0   0.0   0:00.00 kthreadd
MiB Mem :   1816.9 total,    745.7 free,    963.0 used,    108.3 buff/cache
MiB Swap:    820.0 total,    730.1 free,     89.9 used.    726.4 avail Mem 

    PID USER      PR  NI    VIRT    RES    SHR S  %CPU  %MEM     TIME+ COMMAND
   4187 user      20   0 1095672 876308   2964 R  77.8  47.1   1:02.91 mem.bash
   4576 user      20   0  275012   4540   3968 R   5.6   0.2   0:00.02 top
      1 root      20   0  179580   5496   3852 S   0.0   0.3   0:04.66 systemd
      2 root      20   0       0      0      0 S   0.0   0.0   0:00.00 kthreadd
      3 root       0 -20       0      0      0 I   0.0   0.0   0:00.00 rcu_gp
MiB Mem :   1816.9 total,    743.7 free,    964.9 used,    108.3 buff/cache
MiB Swap:    820.0 total,    730.1 free,     89.9 used.    724.5 avail Mem 

    PID USER      PR  NI    VIRT    RES    SHR S  %CPU  %MEM     TIME+ COMMAND
   4187 user      20   0 1097388 877892   2964 R  88.9  47.2   1:03.14 mem.bash
     24 root      39  19       0      0      0 R   5.6   0.0   0:00.36 khugepaged
   4583 user      20   0  275012   4384   3812 R   5.6   0.2   0:00.02 top
      1 root      20   0  179580   5496   3852 S   0.0   0.3   0:04.66 systemd
      2 root      20   0       0      0      0 S   0.0   0.0   0:00.00 kthreadd
MiB Mem :   1816.9 total,    742.0 free,    966.6 used,    108.3 buff/cache
MiB Swap:    820.0 total,    730.1 free,     89.9 used.    722.8 avail Mem 

    PID USER      PR  NI    VIRT    RES    SHR S  %CPU  %MEM     TIME+ COMMAND
   4187 user      20   0 1099368 880004   2964 R  73.7  47.3   1:03.37 mem.bash
   4256 root      20   0  275152   4964   4172 S   5.3   0.3   0:00.44 top
      1 root      20   0  179580   5496   3852 S   0.0   0.3   0:04.66 systemd
      2 root      20   0       0      0      0 S   0.0   0.0   0:00.00 kthreadd
      3 root       0 -20       0      0      0 I   0.0   0.0   0:00.00 rcu_gp
MiB Mem :   1816.9 total,    733.0 free,    975.6 used,    108.3 buff/cache
MiB Swap:    820.0 total,    730.1 free,     89.9 used.    713.8 avail Mem 

    PID USER      PR  NI    VIRT    RES    SHR S  %CPU  %MEM     TIME+ COMMAND
   4187 user      20   0 1108476 889244   2964 R  88.9  47.8   1:04.60 mem.bash
   4597 user      20   0  275012   4460   3884 R  16.7   0.2   0:00.04 top
      1 root      20   0  179580   5496   3852 S   0.0   0.3   0:04.66 systemd
      2 root      20   0       0      0      0 S   0.0   0.0   0:00.00 kthreadd
      3 root       0 -20       0      0      0 I   0.0   0.0   0:00.00 rcu_gp
MiB Mem :   1816.9 total,    729.9 free,    978.7 used,    108.3 buff/cache
MiB Swap:    820.0 total,    730.1 free,     89.9 used.    710.7 avail Mem 

    PID USER      PR  NI    VIRT    RES    SHR S  %CPU  %MEM     TIME+ COMMAND
   4187 user      20   0 1111908 892412   2964 R  73.9  48.0   1:05.78 mem.bash
   4256 root      20   0  275152   4964   4172 R   8.7   0.3   0:00.51 top
   4604 user      20   0  275012   4404   3832 R   8.7   0.2   0:00.06 top
   4185 root      20   0       0      0      0 I   4.3   0.0   0:00.02 kworker/0:2-events_power_ef+
      1 root      20   0  179580   5496   3852 S   0.0   0.3   0:04.66 systemd
MiB Mem :   1816.9 total,    723.5 free,    985.1 used,    108.3 buff/cache
MiB Swap:    820.0 total,    730.1 free,     89.9 used.    704.3 avail Mem 

    PID USER      PR  NI    VIRT    RES    SHR S  %CPU  %MEM     TIME+ COMMAND
   4187 user      20   0 1118244 898748   2964 R  82.4  48.3   1:06.94 mem.bash
   4611 user      20   0  275012   4444   3872 R  11.8   0.2   0:00.03 top
      1 root      20   0  179580   5496   3852 S   0.0   0.3   0:04.66 systemd
      2 root      20   0       0      0      0 S   0.0   0.0   0:00.00 kthreadd
      3 root       0 -20       0      0      0 I   0.0   0.0   0:00.00 rcu_gp
MiB Mem :   1816.9 total,    715.1 free,    993.5 used,    108.3 buff/cache
MiB Swap:    820.0 total,    730.1 free,     89.9 used.    695.8 avail Mem 

    PID USER      PR  NI    VIRT    RES    SHR S  %CPU  %MEM     TIME+ COMMAND
   4187 user      20   0 1126956 907460   2964 R  83.3  48.8   1:08.13 mem.bash
   4618 user      20   0  275012   4424   3852 R   5.6   0.2   0:00.03 top
      1 root      20   0  179580   5496   3852 S   0.0   0.3   0:04.66 systemd
      2 root      20   0       0      0      0 S   0.0   0.0   0:00.00 kthreadd
      3 root       0 -20       0      0      0 I   0.0   0.0   0:00.00 rcu_gp
MiB Mem :   1816.9 total,    705.1 free,   1003.6 used,    108.3 buff/cache
MiB Swap:    820.0 total,    730.1 free,     89.9 used.    685.8 avail Mem 

    PID USER      PR  NI    VIRT    RES    SHR S  %CPU  %MEM     TIME+ COMMAND
   4187 user      20   0 1137120 917756   2964 R  82.4  49.3   1:09.28 mem.bash
      1 root      20   0  179580   5496   3852 S   0.0   0.3   0:04.66 systemd
      2 root      20   0       0      0      0 S   0.0   0.0   0:00.00 kthreadd
      3 root       0 -20       0      0      0 I   0.0   0.0   0:00.00 rcu_gp
      4 root       0 -20       0      0      0 I   0.0   0.0   0:00.00 rcu_par_gp
MiB Mem :   1816.9 total,    703.1 free,   1005.5 used,    108.3 buff/cache
MiB Swap:    820.0 total,    730.1 free,     89.9 used.    683.9 avail Mem 

    PID USER      PR  NI    VIRT    RES    SHR S  %CPU  %MEM     TIME+ COMMAND
   4187 user      20   0 1139100 919604   2964 R  83.3  49.4   1:09.52 mem.bash
   4632 user      20   0  275012   4464   3892 R   5.6   0.2   0:00.02 top
      1 root      20   0  179580   5496   3852 S   0.0   0.3   0:04.66 systemd
      2 root      20   0       0      0      0 S   0.0   0.0   0:00.00 kthreadd
      3 root       0 -20       0      0      0 I   0.0   0.0   0:00.00 rcu_gp
MiB Mem :   1816.9 total,    701.2 free,   1007.4 used,    108.3 buff/cache
MiB Swap:    820.0 total,    730.1 free,     89.9 used.    682.0 avail Mem 

    PID USER      PR  NI    VIRT    RES    SHR S  %CPU  %MEM     TIME+ COMMAND
   4187 user      20   0 1140948 921452   2964 R  68.4  49.5   1:09.72 mem.bash
   4639 user      20   0  275012   4516   3944 R   5.3   0.2   0:00.02 top
      1 root      20   0  179580   5496   3852 S   0.0   0.3   0:04.66 systemd
      2 root      20   0       0      0      0 S   0.0   0.0   0:00.00 kthreadd
      3 root       0 -20       0      0      0 I   0.0   0.0   0:00.00 rcu_gp
MiB Mem :   1816.9 total,    690.7 free,   1017.9 used,    108.3 buff/cache
MiB Swap:    820.0 total,    730.1 free,     89.9 used.    671.5 avail Mem 

    PID USER      PR  NI    VIRT    RES    SHR S  %CPU  %MEM     TIME+ COMMAND
   4187 user      20   0 1151772 932276   2964 R  94.1  50.1   1:10.90 mem.bash
      1 root      20   0  179580   5496   3852 S   0.0   0.3   0:04.66 systemd
      2 root      20   0       0      0      0 S   0.0   0.0   0:00.00 kthreadd
      3 root       0 -20       0      0      0 I   0.0   0.0   0:00.00 rcu_gp
      4 root       0 -20       0      0      0 I   0.0   0.0   0:00.00 rcu_par_gp
MiB Mem :   1816.9 total,    679.7 free,   1028.9 used,    108.3 buff/cache
MiB Swap:    820.0 total,    730.1 free,     89.9 used.    660.5 avail Mem 

    PID USER      PR  NI    VIRT    RES    SHR S  %CPU  %MEM     TIME+ COMMAND
   4187 user      20   0 1163124 943628   2964 R  83.3  50.7   1:12.07 mem.bash
   4256 root      20   0  275152   4964   4172 S  11.1   0.3   0:00.62 top
   3527 root      20   0       0      0      0 I   5.6   0.0   0:01.95 kworker/0:0-events_power_ef+
   4653 user      20   0  275012   4380   3808 R   5.6   0.2   0:00.03 top
      1 root      20   0  179580   5496   3852 S   0.0   0.3   0:04.66 systemd
MiB Mem :   1816.9 total,    667.4 free,   1041.2 used,    108.3 buff/cache
MiB Swap:    820.0 total,    730.1 free,     89.9 used.    648.1 avail Mem 

    PID USER      PR  NI    VIRT    RES    SHR S  %CPU  %MEM     TIME+ COMMAND
   4187 user      20   0 1175664 956300   2964 R  88.2  51.4   1:13.23 mem.bash
   4660 user      20   0  275012   4564   3992 R   5.9   0.2   0:00.01 top
      1 root      20   0  179580   5496   3852 S   0.0   0.3   0:04.66 systemd
      2 root      20   0       0      0      0 S   0.0   0.0   0:00.00 kthreadd
      3 root       0 -20       0      0      0 I   0.0   0.0   0:00.00 rcu_gp
MiB Mem :   1816.9 total,    654.4 free,   1054.2 used,    108.3 buff/cache
MiB Swap:    820.0 total,    730.1 free,     89.9 used.    635.2 avail Mem 

    PID USER      PR  NI    VIRT    RES    SHR S  %CPU  %MEM     TIME+ COMMAND
   4187 user      20   0 1188864 969500   2964 R  99.9  52.1   1:14.41 mem.bash
   4667 user      20   0  275012   4488   3916 R  11.8   0.2   0:00.02 top
      1 root      20   0  179580   5496   3852 S   0.0   0.3   0:04.66 systemd
      2 root      20   0       0      0      0 S   0.0   0.0   0:00.00 kthreadd
      3 root       0 -20       0      0      0 I   0.0   0.0   0:00.00 rcu_gp
MiB Mem :   1816.9 total,    640.2 free,   1068.4 used,    108.3 buff/cache
MiB Swap:    820.0 total,    730.1 free,     89.9 used.    621.0 avail Mem 

    PID USER      PR  NI    VIRT    RES    SHR S  %CPU  %MEM     TIME+ COMMAND
   4187 user      20   0 1203384 984020   2964 R  82.4  52.9   1:15.58 mem.bash
      1 root      20   0  179580   5496   3852 S   0.0   0.3   0:04.66 systemd
      2 root      20   0       0      0      0 S   0.0   0.0   0:00.00 kthreadd
      3 root       0 -20       0      0      0 I   0.0   0.0   0:00.00 rcu_gp
      4 root       0 -20       0      0      0 I   0.0   0.0   0:00.00 rcu_par_gp
MiB Mem :   1816.9 total,    625.2 free,   1083.4 used,    108.3 buff/cache
MiB Swap:    820.0 total,    730.1 free,     89.9 used.    606.0 avail Mem 

    PID USER      PR  NI    VIRT    RES    SHR S  %CPU  %MEM     TIME+ COMMAND
   4187 user      20   0 1218696 999332   2964 R  88.9  53.7   1:16.76 mem.bash
   4256 root      20   0  275152   4964   4172 S   5.6   0.3   0:00.66 top
      1 root      20   0  179580   5496   3852 S   0.0   0.3   0:04.66 systemd
      2 root      20   0       0      0      0 S   0.0   0.0   0:00.00 kthreadd
      3 root       0 -20       0      0      0 I   0.0   0.0   0:00.00 rcu_gp
MiB Mem :   1816.9 total,    609.4 free,   1099.2 used,    108.3 buff/cache
MiB Swap:    820.0 total,    730.1 free,     89.9 used.    590.2 avail Mem 

    PID USER      PR  NI    VIRT    RES    SHR S  %CPU  %MEM     TIME+ COMMAND
   4187 user      20   0 1234800 991.6m   2964 R  83.3  54.6   1:17.93 mem.bash
   4688 user      20   0  275012   4576   4004 R   5.6   0.2   0:00.01 top
      1 root      20   0  179580   5496   3852 S   0.0   0.3   0:04.66 systemd
      2 root      20   0       0      0      0 S   0.0   0.0   0:00.00 kthreadd
      3 root       0 -20       0      0      0 I   0.0   0.0   0:00.00 rcu_gp
MiB Mem :   1816.9 total,    591.4 free,   1117.2 used,    108.3 buff/cache
MiB Swap:    820.0 total,    730.1 free,     89.9 used.    572.1 avail Mem 

    PID USER      PR  NI    VIRT    RES    SHR S  %CPU  %MEM     TIME+ COMMAND
   4187 user      20   0 1253280   1.0g   2964 R  88.2  55.6   1:19.11 mem.bash
   4695 user      20   0  275012   4444   3872 R   5.9   0.2   0:00.01 top
      1 root      20   0  179580   5496   3852 S   0.0   0.3   0:04.66 systemd
      2 root      20   0       0      0      0 S   0.0   0.0   0:00.00 kthreadd
      3 root       0 -20       0      0      0 I   0.0   0.0   0:00.00 rcu_gp
MiB Mem :   1816.9 total,    561.1 free,   1147.5 used,    108.3 buff/cache
MiB Swap:    820.0 total,    730.1 free,     89.9 used.    541.9 avail Mem 

    PID USER      PR  NI    VIRT    RES    SHR S  %CPU  %MEM     TIME+ COMMAND
   4187 user      20   0 1284168   1.0g   2964 R  99.9  57.2   1:20.28 mem.bash
      1 root      20   0  179580   5496   3852 S   0.0   0.3   0:04.66 systemd
      2 root      20   0       0      0      0 S   0.0   0.0   0:00.00 kthreadd
      3 root       0 -20       0      0      0 I   0.0   0.0   0:00.00 rcu_gp
      4 root       0 -20       0      0      0 I   0.0   0.0   0:00.00 rcu_par_gp
MiB Mem :   1816.9 total,    531.4 free,   1177.2 used,    108.3 buff/cache
MiB Swap:    820.0 total,    730.1 free,     89.9 used.    512.2 avail Mem 

    PID USER      PR  NI    VIRT    RES    SHR S  %CPU  %MEM     TIME+ COMMAND
   4187 user      20   0 1314528   1.0g   2964 R  87.5  58.9   1:21.45 mem.bash
   4256 root      20   0  275152   4964   4172 S   6.2   0.3   0:00.69 top
      1 root      20   0  179580   5496   3852 S   0.0   0.3   0:04.66 systemd
      2 root      20   0       0      0      0 S   0.0   0.0   0:00.00 kthreadd
      3 root       0 -20       0      0      0 I   0.0   0.0   0:00.00 rcu_gp
MiB Mem :   1816.9 total,    501.9 free,   1206.7 used,    108.3 buff/cache
MiB Swap:    820.0 total,    730.1 free,     89.9 used.    482.7 avail Mem 

    PID USER      PR  NI    VIRT    RES    SHR S  %CPU  %MEM     TIME+ COMMAND
   4187 user      20   0 1344624   1.1g   2964 R  88.2  60.5   1:22.63 mem.bash
     24 root      39  19       0      0      0 R   5.9   0.0   0:00.38 khugepaged
      1 root      20   0  179580   5496   3852 S   0.0   0.3   0:04.66 systemd
      2 root      20   0       0      0      0 S   0.0   0.0   0:00.00 kthreadd
      3 root       0 -20       0      0      0 I   0.0   0.0   0:00.00 rcu_gp
MiB Mem :   1816.9 total,    473.0 free,   1235.7 used,    108.3 buff/cache
MiB Swap:    820.0 total,    730.1 free,     89.9 used.    453.7 avail Mem 

    PID USER      PR  NI    VIRT    RES    SHR S  %CPU  %MEM     TIME+ COMMAND
   4187 user      20   0 1374324   1.1g   2964 R  82.4  62.1   1:23.80 mem.bash
     10 root      20   0       0      0      0 S   5.9   0.0   0:00.24 ksoftirqd/0
      1 root      20   0  179580   5496   3852 S   0.0   0.3   0:04.66 systemd
      2 root      20   0       0      0      0 S   0.0   0.0   0:00.00 kthreadd
      3 root       0 -20       0      0      0 I   0.0   0.0   0:00.00 rcu_gp
MiB Mem :   1816.9 total,    444.0 free,   1264.7 used,    108.3 buff/cache
MiB Swap:    820.0 total,    730.1 free,     89.9 used.    424.7 avail Mem 

    PID USER      PR  NI    VIRT    RES    SHR S  %CPU  %MEM     TIME+ COMMAND
   4187 user      20   0 1403892   1.1g   2964 R  99.9  63.7   1:24.98 mem.bash
      1 root      20   0  179580   5496   3852 S   0.0   0.3   0:04.66 systemd
      2 root      20   0       0      0      0 S   0.0   0.0   0:00.00 kthreadd
      3 root       0 -20       0      0      0 I   0.0   0.0   0:00.00 rcu_gp
      4 root       0 -20       0      0      0 I   0.0   0.0   0:00.00 rcu_par_gp
MiB Mem :   1816.9 total,    415.0 free,   1293.6 used,    108.3 buff/cache
MiB Swap:    820.0 total,    730.1 free,     89.9 used.    395.8 avail Mem 

    PID USER      PR  NI    VIRT    RES    SHR S  %CPU  %MEM     TIME+ COMMAND
   4187 user      20   0 1433460   1.2g   2964 R  99.9  65.2   1:26.17 mem.bash
      1 root      20   0  179580   5496   3852 S   0.0   0.3   0:04.66 systemd
      2 root      20   0       0      0      0 S   0.0   0.0   0:00.00 kthreadd
      3 root       0 -20       0      0      0 I   0.0   0.0   0:00.00 rcu_gp
      4 root       0 -20       0      0      0 I   0.0   0.0   0:00.00 rcu_par_gp
MiB Mem :   1816.9 total,    387.2 free,   1321.4 used,    108.3 buff/cache
MiB Swap:    820.0 total,    730.1 free,     89.9 used.    368.0 avail Mem 

    PID USER      PR  NI    VIRT    RES    SHR S  %CPU  %MEM     TIME+ COMMAND
   4187 user      20   0 1461840   1.2g   2964 R  94.1  66.8   1:27.34 mem.bash
      1 root      20   0  179580   5496   3852 S   0.0   0.3   0:04.66 systemd
      2 root      20   0       0      0      0 S   0.0   0.0   0:00.00 kthreadd
      3 root       0 -20       0      0      0 I   0.0   0.0   0:00.00 rcu_gp
      4 root       0 -20       0      0      0 I   0.0   0.0   0:00.00 rcu_par_gp
MiB Mem :   1816.9 total,    362.7 free,   1345.9 used,    108.3 buff/cache
MiB Swap:    820.0 total,    730.1 free,     89.9 used.    343.5 avail Mem 

    PID USER      PR  NI    VIRT    RES    SHR S  %CPU  %MEM     TIME+ COMMAND
   4187 user      20   0 1487052   1.2g   2964 R  93.8  68.1   1:28.51 mem.bash
      1 root      20   0  179580   5496   3852 S   0.0   0.3   0:04.66 systemd
      2 root      20   0       0      0      0 S   0.0   0.0   0:00.00 kthreadd
      3 root       0 -20       0      0      0 I   0.0   0.0   0:00.00 rcu_gp
      4 root       0 -20       0      0      0 I   0.0   0.0   0:00.00 rcu_par_gp
MiB Mem :   1816.9 total,    338.7 free,   1369.9 used,    108.3 buff/cache
MiB Swap:    820.0 total,    730.1 free,     89.9 used.    319.4 avail Mem 

    PID USER      PR  NI    VIRT    RES    SHR S  %CPU  %MEM     TIME+ COMMAND
   4187 user      20   0 1511604   1.2g   2964 R  88.2  69.4   1:29.69 mem.bash
      1 root      20   0  179580   5496   3852 S   0.0   0.3   0:04.66 systemd
      2 root      20   0       0      0      0 S   0.0   0.0   0:00.00 kthreadd
      3 root       0 -20       0      0      0 I   0.0   0.0   0:00.00 rcu_gp
      4 root       0 -20       0      0      0 I   0.0   0.0   0:00.00 rcu_par_gp
MiB Mem :   1816.9 total,    314.8 free,   1393.8 used,    108.3 buff/cache
MiB Swap:    820.0 total,    730.1 free,     89.9 used.    295.6 avail Mem 

    PID USER      PR  NI    VIRT    RES    SHR S  %CPU  %MEM     TIME+ COMMAND
   4187 user      20   0 1535892   1.3g   2964 R  94.1  70.8   1:30.87 mem.bash
      1 root      20   0  179580   5496   3852 S   0.0   0.3   0:04.66 systemd
      2 root      20   0       0      0      0 S   0.0   0.0   0:00.00 kthreadd
      3 root       0 -20       0      0      0 I   0.0   0.0   0:00.00 rcu_gp
      4 root       0 -20       0      0      0 I   0.0   0.0   0:00.00 rcu_par_gp
MiB Mem :   1816.9 total,    291.4 free,   1417.2 used,    108.3 buff/cache
MiB Swap:    820.0 total,    730.1 free,     89.9 used.    272.1 avail Mem 

    PID USER      PR  NI    VIRT    RES    SHR S  %CPU  %MEM     TIME+ COMMAND
   4187 user      20   0 1559784   1.3g   2964 R  82.4  72.0   1:32.03 mem.bash
   4256 root      20   0  275152   4964   4172 S   5.9   0.3   0:00.74 top
      1 root      20   0  179580   5496   3852 S   0.0   0.3   0:04.66 systemd
      2 root      20   0       0      0      0 S   0.0   0.0   0:00.00 kthreadd
      3 root       0 -20       0      0      0 I   0.0   0.0   0:00.00 rcu_gp
MiB Mem :   1816.9 total,    269.6 free,   1439.0 used,    108.3 buff/cache
MiB Swap:    820.0 total,    730.1 free,     89.9 used.    250.4 avail Mem 

    PID USER      PR  NI    VIRT    RES    SHR S  %CPU  %MEM     TIME+ COMMAND
   4187 user      20   0 1581960   1.3g   2964 R  93.3  73.2   1:33.20 mem.bash
      1 root      20   0  179580   5496   3852 S   0.0   0.3   0:04.66 systemd
      2 root      20   0       0      0      0 S   0.0   0.0   0:00.00 kthreadd
      3 root       0 -20       0      0      0 I   0.0   0.0   0:00.00 rcu_gp
      4 root       0 -20       0      0      0 I   0.0   0.0   0:00.00 rcu_par_gp
MiB Mem :   1816.9 total,    246.4 free,   1462.2 used,    108.3 buff/cache
MiB Swap:    820.0 total,    730.1 free,     89.9 used.    227.1 avail Mem 

    PID USER      PR  NI    VIRT    RES    SHR S  %CPU  %MEM     TIME+ COMMAND
   4187 user      20   0 1605852   1.3g   2964 R  93.8  74.5   1:34.37 mem.bash
      1 root      20   0  179580   5496   3852 S   0.0   0.3   0:04.66 systemd
      2 root      20   0       0      0      0 S   0.0   0.0   0:00.00 kthreadd
      3 root       0 -20       0      0      0 I   0.0   0.0   0:00.00 rcu_gp
      4 root       0 -20       0      0      0 I   0.0   0.0   0:00.00 rcu_par_gp
MiB Mem :   1816.9 total,    222.3 free,   1486.3 used,    108.3 buff/cache
MiB Swap:    820.0 total,    730.1 free,     89.9 used.    203.1 avail Mem 

    PID USER      PR  NI    VIRT    RES    SHR S  %CPU  %MEM     TIME+ COMMAND
   4187 user      20   0 1630404   1.3g   2964 R  99.9  75.8   1:35.56 mem.bash
      1 root      20   0  179580   5496   3852 S   0.0   0.3   0:04.66 systemd
      2 root      20   0       0      0      0 S   0.0   0.0   0:00.00 kthreadd
      3 root       0 -20       0      0      0 I   0.0   0.0   0:00.00 rcu_gp
      4 root       0 -20       0      0      0 I   0.0   0.0   0:00.00 rcu_par_gp
MiB Mem :   1816.9 total,    198.1 free,   1510.5 used,    108.3 buff/cache
MiB Swap:    820.0 total,    730.1 free,     89.9 used.    178.9 avail Mem 

    PID USER      PR  NI    VIRT    RES    SHR S  %CPU  %MEM     TIME+ COMMAND
   4187 user      20   0 1655220   1.4g   2964 R  83.3  77.2   1:36.73 mem.bash
      1 root      20   0  179580   5496   3852 S   0.0   0.3   0:04.66 systemd
      2 root      20   0       0      0      0 S   0.0   0.0   0:00.00 kthreadd
      3 root       0 -20       0      0      0 I   0.0   0.0   0:00.00 rcu_gp
      4 root       0 -20       0      0      0 I   0.0   0.0   0:00.00 rcu_par_gp
MiB Mem :   1816.9 total,    174.4 free,   1534.2 used,    108.3 buff/cache
MiB Swap:    820.0 total,    730.1 free,     89.9 used.    155.2 avail Mem 

    PID USER      PR  NI    VIRT    RES    SHR S  %CPU  %MEM     TIME+ COMMAND
   4187 user      20   0 1679376   1.4g   2964 R  94.1  78.5   1:37.91 mem.bash
      1 root      20   0  179580   5496   3852 S   0.0   0.3   0:04.66 systemd
      2 root      20   0       0      0      0 S   0.0   0.0   0:00.00 kthreadd
      3 root       0 -20       0      0      0 I   0.0   0.0   0:00.00 rcu_gp
      4 root       0 -20       0      0      0 I   0.0   0.0   0:00.00 rcu_par_gp
MiB Mem :   1816.9 total,    150.9 free,   1557.7 used,    108.3 buff/cache
MiB Swap:    820.0 total,    730.1 free,     89.9 used.    131.7 avail Mem 

    PID USER      PR  NI    VIRT    RES    SHR S  %CPU  %MEM     TIME+ COMMAND
   4187 user      20   0 1703400   1.4g   2964 R  88.2  79.8   1:39.08 mem.bash
      1 root      20   0  179580   5496   3852 S   0.0   0.3   0:04.66 systemd
      2 root      20   0       0      0      0 S   0.0   0.0   0:00.00 kthreadd
      3 root       0 -20       0      0      0 I   0.0   0.0   0:00.00 rcu_gp
      4 root       0 -20       0      0      0 I   0.0   0.0   0:00.00 rcu_par_gp
MiB Mem :   1816.9 total,    125.1 free,   1583.5 used,    108.3 buff/cache
MiB Swap:    820.0 total,    730.1 free,     89.9 used.    105.9 avail Mem 

    PID USER      PR  NI    VIRT    RES    SHR S  %CPU  %MEM     TIME+ COMMAND
   4187 user      20   0 1729800   1.4g   2964 R  99.9  81.2   1:40.27 mem.bash
      1 root      20   0  179580   5496   3852 S   0.0   0.3   0:04.66 systemd
      2 root      20   0       0      0      0 S   0.0   0.0   0:00.00 kthreadd
      3 root       0 -20       0      0      0 I   0.0   0.0   0:00.00 rcu_gp
      4 root       0 -20       0      0      0 I   0.0   0.0   0:00.00 rcu_par_gp
MiB Mem :   1816.9 total,     99.4 free,   1609.2 used,    108.3 buff/cache
MiB Swap:    820.0 total,    730.1 free,     89.9 used.     80.2 avail Mem 

    PID USER      PR  NI    VIRT    RES    SHR S  %CPU  %MEM     TIME+ COMMAND
   4187 user      20   0 1756068   1.5g   2964 R  94.1  82.6   1:41.44 mem.bash
      1 root      20   0  179580   5496   3852 S   0.0   0.3   0:04.66 systemd
      2 root      20   0       0      0      0 S   0.0   0.0   0:00.00 kthreadd
      3 root       0 -20       0      0      0 I   0.0   0.0   0:00.00 rcu_gp
      4 root       0 -20       0      0      0 I   0.0   0.0   0:00.00 rcu_par_gp
MiB Mem :   1816.9 total,     72.3 free,   1636.3 used,    108.3 buff/cache
MiB Swap:    820.0 total,    730.1 free,     89.9 used.     53.1 avail Mem 

    PID USER      PR  NI    VIRT    RES    SHR S  %CPU  %MEM     TIME+ COMMAND
   4187 user      20   0 1783788   1.5g   2964 R  93.3  84.1   1:42.61 mem.bash
   4256 root      20   0  275152   4964   4172 S   6.7   0.3   0:00.79 top
      1 root      20   0  179580   5496   3852 S   0.0   0.3   0:04.66 systemd
      2 root      20   0       0      0      0 S   0.0   0.0   0:00.00 kthreadd
      3 root       0 -20       0      0      0 I   0.0   0.0   0:00.00 rcu_gp
MiB Mem :   1816.9 total,     73.6 free,   1663.5 used,     79.9 buff/cache
MiB Swap:    820.0 total,    729.6 free,     90.4 used.     40.2 avail Mem 

    PID USER      PR  NI    VIRT    RES    SHR S  %CPU  %MEM     TIME+ COMMAND
   4187 user      20   0 1812300   1.5g   2964 R  87.5  85.6   1:43.92 mem.bash
     50 root      20   0       0      0      0 S   6.2   0.0   0:45.27 kswapd0
      1 root      20   0  179580   5492   3852 S   0.0   0.3   0:04.66 systemd
      2 root      20   0       0      0      0 S   0.0   0.0   0:00.00 kthreadd
      3 root       0 -20       0      0      0 I   0.0   0.0   0:00.00 rcu_gp
MiB Mem :   1816.9 total,     65.3 free,   1695.6 used,     56.0 buff/cache
MiB Swap:    820.0 total,    724.5 free,     95.5 used.     20.0 avail Mem 

    PID USER      PR  NI    VIRT    RES    SHR S  %CPU  %MEM     TIME+ COMMAND
   4187 user      20   0 1850844   1.6g   2868 R  83.3  87.4   1:45.72 mem.bash
   4849 user      20   0  275012   4452   3880 R   5.6   0.2   0:00.01 top
      1 root      20   0  179580   5160   3520 S   0.0   0.3   0:04.66 systemd
      2 root      20   0       0      0      0 S   0.0   0.0   0:00.00 kthreadd
      3 root       0 -20       0      0      0 I   0.0   0.0   0:00.00 rcu_gp
MiB Mem :   1816.9 total,     72.7 free,   1707.0 used,     37.2 buff/cache
MiB Swap:    820.0 total,    638.0 free,    182.0 used.     18.3 avail Mem 

    PID USER      PR  NI    VIRT    RES    SHR S  %CPU  %MEM     TIME+ COMMAND
   4187 user      20   0 1946544   1.6g    952 R  62.5  87.8   1:50.15 mem.bash
     50 root      20   0       0      0      0 S   4.2   0.0   0:45.53 kswapd0
    876 root      20   0  682000    816      0 S   4.2   0.0   0:00.44 NetworkManager
      1 root      20   0  179580   1788    376 S   0.0   0.1   0:04.66 systemd
      2 root      20   0       0      0      0 S   0.0   0.0   0:00.00 kthreadd
MiB Mem :   1816.9 total,     71.3 free,   1704.3 used,     41.3 buff/cache
MiB Swap:    820.0 total,    604.3 free,    215.7 used.     19.0 avail Mem 

    PID USER      PR  NI    VIRT    RES    SHR S  %CPU  %MEM     TIME+ COMMAND
   4187 user      20   0 1978356   1.6g    952 R  71.4  87.6   1:51.58 mem.bash
      1 root      20   0  179580   1540    376 S   0.0   0.1   0:04.66 systemd
      2 root      20   0       0      0      0 S   0.0   0.0   0:00.00 kthreadd
      3 root       0 -20       0      0      0 I   0.0   0.0   0:00.00 rcu_gp
      4 root       0 -20       0      0      0 I   0.0   0.0   0:00.00 rcu_par_gp
MiB Mem :   1816.9 total,     72.9 free,   1702.9 used,     41.2 buff/cache
MiB Swap:    820.0 total,    577.8 free,    242.2 used.     20.5 avail Mem 

    PID USER      PR  NI    VIRT    RES    SHR S  %CPU  %MEM     TIME+ COMMAND
   4187 user      20   0 2004228   1.6g    952 R  87.5  87.6   1:52.74 mem.bash
     50 root      20   0       0      0      0 S   6.2   0.0   0:45.64 kswapd0
      1 root      20   0  179580   1376    376 S   0.0   0.1   0:04.66 systemd
      2 root      20   0       0      0      0 S   0.0   0.0   0:00.00 kthreadd
      3 root       0 -20       0      0      0 I   0.0   0.0   0:00.00 rcu_gp
MiB Mem :   1816.9 total,     72.9 free,   1705.1 used,     39.0 buff/cache
MiB Swap:    820.0 total,    556.0 free,    264.0 used.     19.4 avail Mem 

    PID USER      PR  NI    VIRT    RES    SHR S  %CPU  %MEM     TIME+ COMMAND
   4187 user      20   0 2028648   1.6g    952 R  83.3  87.7   1:53.86 mem.bash
     50 root      20   0       0      0      0 S   5.6   0.0   0:45.69 kswapd0
      1 root      20   0  179580   1288    376 S   0.0   0.1   0:04.66 systemd
      2 root      20   0       0      0      0 S   0.0   0.0   0:00.00 kthreadd
      3 root       0 -20       0      0      0 I   0.0   0.0   0:00.00 rcu_gp
MiB Mem :   1816.9 total,     60.2 free,   1717.9 used,     38.8 buff/cache
MiB Swap:    820.0 total,    527.2 free,    292.8 used.      6.7 avail Mem 

    PID USER      PR  NI    VIRT    RES    SHR S  %CPU  %MEM     TIME+ COMMAND
   4187 user      20   0 2064156   1.6g    952 R  81.2  88.1   1:55.54 mem.bash
     50 root      20   0       0      0      0 D   6.2   0.0   0:45.74 kswapd0
      1 root      20   0  179580   1148    376 S   0.0   0.1   0:04.66 systemd
      2 root      20   0       0      0      0 S   0.0   0.0   0:00.00 kthreadd
      3 root       0 -20       0      0      0 I   0.0   0.0   0:00.00 rcu_gp
MiB Mem :   1816.9 total,     54.7 free,   1723.6 used,     38.6 buff/cache
MiB Swap:    820.0 total,    503.1 free,    316.9 used.      1.1 avail Mem 

    PID USER      PR  NI    VIRT    RES    SHR S  %CPU  %MEM     TIME+ COMMAND
   4187 user      20   0 2101248   1.6g    952 R  93.8  88.8   1:57.24 mem.bash
     50 root      20   0       0      0      0 D   6.2   0.0   0:45.77 kswapd0
      1 root      20   0  179580   1124    376 S   0.0   0.1   0:04.66 systemd
      2 root      20   0       0      0      0 S   0.0   0.0   0:00.00 kthreadd
      3 root       0 -20       0      0      0 I   0.0   0.0   0:00.00 rcu_gp
MiB Mem :   1816.9 total,     71.5 free,   1706.5 used,     38.9 buff/cache
MiB Swap:    820.0 total,    469.5 free,    350.5 used.     18.0 avail Mem 

    PID USER      PR  NI    VIRT    RES    SHR S  %CPU  %MEM     TIME+ COMMAND
   4187 user      20   0 2119992   1.6g    952 R  94.1  87.9   1:58.10 mem.bash
      1 root      20   0  179580    940    376 S   0.0   0.1   0:04.66 systemd
      2 root      20   0       0      0      0 S   0.0   0.0   0:00.00 kthreadd
      3 root       0 -20       0      0      0 I   0.0   0.0   0:00.00 rcu_gp
      4 root       0 -20       0      0      0 I   0.0   0.0   0:00.00 rcu_par_gp
MiB Mem :   1816.9 total,     71.4 free,   1707.3 used,     38.2 buff/cache
MiB Swap:    820.0 total,    445.5 free,    374.5 used.     17.6 avail Mem 

    PID USER      PR  NI    VIRT    RES    SHR S  %CPU  %MEM     TIME+ COMMAND
   4187 user      20   0 2145072   1.6g    952 R  87.5  88.0   1:59.22 mem.bash
      1 root      20   0  179580    940    376 S   0.0   0.1   0:04.66 systemd
      2 root      20   0       0      0      0 S   0.0   0.0   0:00.00 kthreadd
      3 root       0 -20       0      0      0 I   0.0   0.0   0:00.00 rcu_gp
      4 root       0 -20       0      0      0 I   0.0   0.0   0:00.00 rcu_par_gp
MiB Mem :   1816.9 total,     73.5 free,   1705.6 used,     37.8 buff/cache
MiB Swap:    820.0 total,    413.5 free,    406.5 used.     19.5 avail Mem 

    PID USER      PR  NI    VIRT    RES    SHR S  %CPU  %MEM     TIME+ COMMAND
   4187 user      20   0 2170944   1.6g    952 R  87.5  87.6   2:00.38 mem.bash
      1 root      20   0  179580    916    376 S   0.0   0.0   0:04.66 systemd
      2 root      20   0       0      0      0 S   0.0   0.0   0:00.00 kthreadd
      3 root       0 -20       0      0      0 I   0.0   0.0   0:00.00 rcu_gp
      4 root       0 -20       0      0      0 I   0.0   0.0   0:00.00 rcu_par_gp
MiB Mem :   1816.9 total,     69.1 free,   1710.4 used,     37.4 buff/cache
MiB Swap:    820.0 total,    400.2 free,    419.8 used.     14.9 avail Mem 

    PID USER      PR  NI    VIRT    RES    SHR S  %CPU  %MEM     TIME+ COMMAND
   4187 user      20   0 2194836   1.6g    952 R  88.2  88.2   2:01.52 mem.bash
      1 root      20   0  179580    896    376 S   0.0   0.0   0:04.66 systemd
      2 root      20   0       0      0      0 S   0.0   0.0   0:00.00 kthreadd
      3 root       0 -20       0      0      0 I   0.0   0.0   0:00.00 rcu_gp
      4 root       0 -20       0      0      0 I   0.0   0.0   0:00.00 rcu_par_gp
MiB Mem :   1816.9 total,     70.9 free,   1708.9 used,     37.2 buff/cache
MiB Swap:    820.0 total,    361.7 free,    458.3 used.     16.5 avail Mem 

    PID USER      PR  NI    VIRT    RES    SHR S  %CPU  %MEM     TIME+ COMMAND
   4187 user      20   0 2219388   1.6g    952 R  86.7  87.4   2:02.68 mem.bash
     50 root      20   0       0      0      0 D  13.3   0.0   0:45.97 kswapd0
      1 root      20   0  179580    816    376 S   0.0   0.0   0:04.66 systemd
      2 root      20   0       0      0      0 S   0.0   0.0   0:00.00 kthreadd
      3 root       0 -20       0      0      0 I   0.0   0.0   0:00.00 rcu_gp
MiB Mem :   1816.9 total,     64.4 free,   1714.7 used,     37.9 buff/cache
MiB Swap:    820.0 total,    337.7 free,    482.3 used.     10.4 avail Mem 

    PID USER      PR  NI    VIRT    RES    SHR S  %CPU  %MEM     TIME+ COMMAND
   4187 user      20   0 2254236   1.6g    952 R  88.9  88.0   2:04.27 mem.bash
      1 root      20   0  179580    768    376 S   0.0   0.0   0:04.66 systemd
      2 root      20   0       0      0      0 S   0.0   0.0   0:00.00 kthreadd
      3 root       0 -20       0      0      0 I   0.0   0.0   0:00.00 rcu_gp
      4 root       0 -20       0      0      0 I   0.0   0.0   0:00.00 rcu_par_gp
MiB Mem :   1816.9 total,     69.2 free,   1709.9 used,     37.8 buff/cache
MiB Swap:    820.0 total,    303.8 free,    516.2 used.     15.2 avail Mem 

    PID USER      PR  NI    VIRT    RES    SHR S  %CPU  %MEM     TIME+ COMMAND
   4187 user      20   0 2284596   1.6g    952 R  88.9  87.8   2:05.73 mem.bash
   4940 user      20   0  275012   4284   3712 R   5.6   0.2   0:00.01 top
      1 root      20   0  179580    660    376 S   0.0   0.0   0:04.66 systemd
      2 root      20   0       0      0      0 S   0.0   0.0   0:00.00 kthreadd
      3 root       0 -20       0      0      0 I   0.0   0.0   0:00.00 rcu_gp
MiB Mem :   1816.9 total,     65.8 free,   1713.3 used,     37.8 buff/cache
MiB Swap:    820.0 total,    303.8 free,    516.2 used.     11.8 avail Mem 

    PID USER      PR  NI    VIRT    RES    SHR S  %CPU  %MEM     TIME+ COMMAND
   4187 user      20   0 2288028   1.6g    952 R  82.4  88.0   2:05.92 mem.bash
      1 root      20   0  179580    660    376 S   0.0   0.0   0:04.66 systemd
      2 root      20   0       0      0      0 S   0.0   0.0   0:00.00 kthreadd
      3 root       0 -20       0      0      0 I   0.0   0.0   0:00.00 rcu_gp
      4 root       0 -20       0      0      0 I   0.0   0.0   0:00.00 rcu_par_gp
MiB Mem :   1816.9 total,     68.0 free,   1712.4 used,     36.6 buff/cache
MiB Swap:    820.0 total,    281.5 free,    538.5 used.     13.4 avail Mem 

    PID USER      PR  NI    VIRT    RES    SHR S  %CPU  %MEM     TIME+ COMMAND
   4187 user      20   0 2312712   1.6g    952 R  99.9  88.0   2:07.06 mem.bash
      1 root      20   0  179580    616    376 S   0.0   0.0   0:04.66 systemd
      2 root      20   0       0      0      0 S   0.0   0.0   0:00.00 kthreadd
      3 root       0 -20       0      0      0 I   0.0   0.0   0:00.00 rcu_gp
      4 root       0 -20       0      0      0 I   0.0   0.0   0:00.00 rcu_par_gp
MiB Mem :   1816.9 total,     63.7 free,   1717.6 used,     35.7 buff/cache
MiB Swap:    820.0 total,    254.0 free,    566.0 used.      8.6 avail Mem 

    PID USER      PR  NI    VIRT    RES    SHR S  %CPU  %MEM     TIME+ COMMAND
   4187 user      20   0 2337132   1.6g    952 R  88.2  87.9   2:08.19 mem.bash
     50 root      20   0       0      0      0 D   5.9   0.0   0:46.12 kswapd0
      1 root      20   0  179580    584    376 S   0.0   0.0   0:04.66 systemd
      2 root      20   0       0      0      0 S   0.0   0.0   0:00.00 kthreadd
      3 root       0 -20       0      0      0 I   0.0   0.0   0:00.00 rcu_gp
MiB Mem :   1816.9 total,     72.0 free,   1708.1 used,     36.9 buff/cache
MiB Swap:    820.0 total,    227.8 free,    592.2 used.     17.5 avail Mem 

    PID USER      PR  NI    VIRT    RES    SHR S  %CPU  %MEM     TIME+ COMMAND
   4187 user      20   0 2363796   1.6g    952 R  93.8  87.8   2:09.42 mem.bash
      1 root      20   0  179580    564    376 S   0.0   0.0   0:04.66 systemd
      2 root      20   0       0      0      0 S   0.0   0.0   0:00.00 kthreadd
      3 root       0 -20       0      0      0 I   0.0   0.0   0:00.00 rcu_gp
      4 root       0 -20       0      0      0 I   0.0   0.0   0:00.00 rcu_par_gp
MiB Mem :   1816.9 total,     73.4 free,   1705.6 used,     38.0 buff/cache
MiB Swap:    820.0 total,    196.5 free,    623.5 used.     19.4 avail Mem 

    PID USER      PR  NI    VIRT    RES    SHR S  %CPU  %MEM     TIME+ COMMAND
   4187 user      20   0 2388348   1.6g    952 R  87.5  87.4   2:10.58 mem.bash
     50 root      20   0       0      0      0 S   6.2   0.0   0:46.21 kswapd0
   3527 root      20   0       0      0      0 I   6.2   0.0   0:01.98 kworker/0:0-events
      1 root      20   0  179580    564    376 S   0.0   0.0   0:04.66 systemd
      2 root      20   0       0      0      0 S   0.0   0.0   0:00.00 kthreadd
MiB Mem :   1816.9 total,     64.6 free,   1714.6 used,     37.8 buff/cache
MiB Swap:    820.0 total,    181.8 free,    638.2 used.     10.6 avail Mem 

    PID USER      PR  NI    VIRT    RES    SHR S  %CPU  %MEM     TIME+ COMMAND
   4187 user      20   0 2412900   1.6g    952 R  99.9  87.9   2:11.75 mem.bash
      1 root      20   0  179580    556    376 S   0.0   0.0   0:04.66 systemd
      2 root      20   0       0      0      0 S   0.0   0.0   0:00.00 kthreadd
      3 root       0 -20       0      0      0 I   0.0   0.0   0:00.00 rcu_gp
      4 root       0 -20       0      0      0 I   0.0   0.0   0:00.00 rcu_par_gp
MiB Mem :   1816.9 total,     77.3 free,   1702.3 used,     37.3 buff/cache
MiB Swap:    820.0 total,    126.8 free,    693.2 used.     23.1 avail Mem 

    PID USER      PR  NI    VIRT    RES    SHR S  %CPU  %MEM     TIME+ COMMAND
   4187 user      20   0 2457120   1.5g    952 R  88.9  87.3   2:13.88 mem.bash
      1 root      20   0  179580    504    376 S   0.0   0.0   0:04.66 systemd
      2 root      20   0       0      0      0 S   0.0   0.0   0:00.00 kthreadd
      3 root       0 -20       0      0      0 I   0.0   0.0   0:00.00 rcu_gp
      4 root       0 -20       0      0      0 I   0.0   0.0   0:00.00 rcu_par_gp
MiB Mem :   1816.9 total,     68.6 free,   1711.5 used,     36.8 buff/cache
MiB Swap:    820.0 total,    113.9 free,    706.1 used.     14.1 avail Mem 

    PID USER      PR  NI    VIRT    RES    SHR S  %CPU  %MEM     TIME+ COMMAND
   4187 user      20   0 2480616   1.6g    952 R  88.2  87.9   2:15.02 mem.bash
      1 root      20   0  179580    504    376 S   0.0   0.0   0:04.66 systemd
      2 root      20   0       0      0      0 S   0.0   0.0   0:00.00 kthreadd
      3 root       0 -20       0      0      0 I   0.0   0.0   0:00.00 rcu_gp
      4 root       0 -20       0      0      0 I   0.0   0.0   0:00.00 rcu_par_gp
MiB Mem :   1816.9 total,     72.8 free,   1707.1 used,     37.0 buff/cache
MiB Swap:    820.0 total,     87.9 free,    732.1 used.     18.4 avail Mem 

    PID USER      PR  NI    VIRT    RES    SHR S  %CPU  %MEM     TIME+ COMMAND
   4187 user      20   0 2502660   1.6g    952 R  82.4  87.6   2:16.13 mem.bash
   4256 root      20   0  275152    668    200 S   5.9   0.0   0:00.97 top
      1 root      20   0  179580    500    376 S   0.0   0.0   0:04.66 systemd
      2 root      20   0       0      0      0 S   0.0   0.0   0:00.00 kthreadd
      3 root       0 -20       0      0      0 I   0.0   0.0   0:00.00 rcu_gp
MiB Mem :   1816.9 total,     74.6 free,   1706.0 used,     36.3 buff/cache
MiB Swap:    820.0 total,     56.1 free,    763.9 used.     19.8 avail Mem 

    PID USER      PR  NI    VIRT    RES    SHR S  %CPU  %MEM     TIME+ COMMAND
   4187 user      20   0 2526684   1.5g    952 R  70.6  87.1   2:17.28 mem.bash
     50 root      20   0       0      0      0 S   5.9   0.0   0:46.44 kswapd0
      1 root      20   0  179580    500    376 S   0.0   0.0   0:04.66 systemd
      2 root      20   0       0      0      0 S   0.0   0.0   0:00.00 kthreadd
      3 root       0 -20       0      0      0 I   0.0   0.0   0:00.00 rcu_gp
MiB Mem :   1816.9 total,     64.5 free,   1714.1 used,     38.3 buff/cache
MiB Swap:    820.0 total,     36.8 free,    783.2 used.     10.8 avail Mem 

    PID USER      PR  NI    VIRT    RES    SHR S  %CPU  %MEM     TIME+ COMMAND
   4187 user      20   0 2550312   1.5g    952 R  99.9  87.3   2:18.45 mem.bash
      1 root      20   0  179580    500    376 S   0.0   0.0   0:04.66 systemd
      2 root      20   0       0      0      0 S   0.0   0.0   0:00.00 kthreadd
      3 root       0 -20       0      0      0 I   0.0   0.0   0:00.00 rcu_gp
      4 root       0 -20       0      0      0 I   0.0   0.0   0:00.00 rcu_par_gp
MiB Mem :   1816.9 total,     71.0 free,   1707.9 used,     38.1 buff/cache
MiB Swap:    820.0 total,     10.7 free,    809.3 used.     17.1 avail Mem 

    PID USER      PR  NI    VIRT    RES    SHR S  %CPU  %MEM     TIME+ COMMAND
   4187 user      20   0 2572884   1.5g    952 R  99.9  87.1   2:19.57 mem.bash
      1 root      20   0  179580    492    376 S   0.0   0.0   0:04.66 systemd
      2 root      20   0       0      0      0 S   0.0   0.0   0:00.00 kthreadd
      3 root       0 -20       0      0      0 I   0.0   0.0   0:00.00 rcu_gp
      4 root       0 -20       0      0      0 I   0.0   0.0   0:00.00 rcu_par_gp
MiB Mem :   1816.9 total,   1665.8 free,    100.9 used,     50.3 buff/cache
MiB Swap:    820.0 total,    725.8 free,     94.2 used.   1617.7 avail Mem 

    PID USER      PR  NI    VIRT    RES    SHR S  %CPU  %MEM     TIME+ COMMAND
    655 root      20   0   94144   2696   2524 S   5.3   0.1   0:01.48 systemd-journal
   5031 user      20   0  275012   4052   3480 R   5.3   0.2   0:03.06 top
      1 root      20   0  179580    320      0 S   0.0   0.0   0:04.81 systemd
      2 root      20   0       0      0      0 S   0.0   0.0   0:00.00 kthreadd
      3 root       0 -20       0      0      0 I   0.0   0.0   0:00.00 rcu_gp
